0 info it worked if it ends with ok
1 verbose cli [ '/usr/local/Cellar/node/9.5.0/bin/node',
1 verbose cli   '/usr/local/bin/npm',
1 verbose cli   'run',
1 verbose cli   'patch' ]
2 info using npm@3.7.3
3 info using node@v9.5.0
4 verbose run-script [ 'prepatch', 'patch', 'postpatch' ]
5 info lifecycle breki-styleguides@1.0.0~prepatch: breki-styleguides@1.0.0
6 silly lifecycle breki-styleguides@1.0.0~prepatch: no script for prepatch, continuing
7 info lifecycle breki-styleguides@1.0.0~patch: breki-styleguides@1.0.0
8 verbose lifecycle breki-styleguides@1.0.0~patch: unsafe-perm in lifecycle true
9 verbose lifecycle breki-styleguides@1.0.0~patch: PATH: /usr/local/lib/node_modules/npm/bin/node-gyp-bin:/Users/brekitomasson/Dropbox/Text/Sites/breki-styleguides/node_modules/.bin:/usr/local/Cellar/node/9.5.0/bin:/Users/brekitomasson/.zplug/repos/zplug/zplug/bin:/Users/brekitomasson/.zplug/bin:/Users/brekitomasson/bin:/usr/local/bin:/usr/local/sbin:/Users/brekitomasson/.local/bin:/usr/local/opt/node/bin:/Library/Frameworks/Python.framework/Versions/3.6/bin:/usr/bin:/bin:/usr/sbin:/sbin:/Library/Frameworks/Mono.framework/Versions/Current/Commands:/usr/local/opt/fzf/bin:/Users/brekitomasson/.zplug/repos/unixorn/docker-helpers.zshplugin/bin:/Users/brekitomasson/.zplug/repos/eventi/noreallyjustfuckingstopalready
10 verbose lifecycle breki-styleguides@1.0.0~patch: CWD: /Users/brekitomasson/Dropbox/Text/Sites/breki-styleguides
11 silly lifecycle breki-styleguides@1.0.0~patch: Args: [ '-c',
11 silly lifecycle   'npm version patch && npm publish && git push --follow-tags' ]
12 silly lifecycle breki-styleguides@1.0.0~patch: Returned: code: 1  signal: null
13 info lifecycle breki-styleguides@1.0.0~patch: Failed to exec patch script
14 verbose stack Error: breki-styleguides@1.0.0 patch: `npm version patch && npm publish && git push --follow-tags`
14 verbose stack Exit status 1
14 verbose stack     at EventEmitter.<anonymous> (/usr/local/lib/node_modules/npm/lib/utils/lifecycle.js:239:16)
14 verbose stack     at EventEmitter.emit (events.js:160:13)
14 verbose stack     at ChildProcess.<anonymous> (/usr/local/lib/node_modules/npm/lib/utils/spawn.js:24:14)
14 verbose stack     at ChildProcess.emit (events.js:160:13)
14 verbose stack     at maybeClose (internal/child_process.js:943:16)
14 verbose stack     at Process.ChildProcess._handle.onexit (internal/child_process.js:220:5)
15 verbose pkgid breki-styleguides@1.0.0
16 verbose cwd /Users/brekitomasson/Dropbox/Text/Sites/breki-styleguides
17 error Darwin 17.4.0
18 error argv "/usr/local/Cellar/node/9.5.0/bin/node" "/usr/local/bin/npm" "run" "patch"
19 error node v9.5.0
20 error npm  v3.7.3
21 error code ELIFECYCLE
22 error breki-styleguides@1.0.0 patch: `npm version patch && npm publish && git push --follow-tags`
22 error Exit status 1
23 error Failed at the breki-styleguides@1.0.0 patch script 'npm version patch && npm publish && git push --follow-tags'.
23 error Make sure you have the latest version of node.js and npm installed.
23 error If you do, this is most likely a problem with the breki-styleguides package,
23 error not with npm itself.
23 error Tell the author that this fails on your system:
23 error     npm version patch && npm publish && git push --follow-tags
23 error You can get information on how to open an issue for this project with:
23 error     npm bugs breki-styleguides
23 error Or if that isn't available, you can get their info via:
23 error     npm owner ls breki-styleguides
23 error There is likely additional logging output above.
24 verbose exit [ 1, true ]
